2024-03-25 08:18:11.164+0000 INFO  Logging config in use: File '/var/lib/neo4j/conf/user-logs.xml'
2024-03-25 08:18:11.177+0000 INFO  Starting...
2024-03-25 08:18:11.721+0000 INFO  This instance is ServerId{d73a420b} (d73a420b-73bb-46f4-9405-352f42c47532)
2024-03-25 08:18:12.128+0000 INFO  ======== Neo4j 5.13.0 ========
2024-03-25 08:18:13.565+0000 INFO  Bolt enabled on 0.0.0.0:7687.
2024-03-25 08:18:14.009+0000 INFO  HTTP enabled on 0.0.0.0:7474.
2024-03-25 08:18:14.011+0000 INFO  Remote interface available at http://localhost:7474/
2024-03-25 08:18:14.014+0000 INFO  id: B015315750FAFA82A12C6FB437E3E8F890413C246729064867336B3394406A3E
2024-03-25 08:18:14.015+0000 INFO  name: system
2024-03-25 08:18:14.016+0000 INFO  creationDate: 2024-03-25T08:18:12.534Z
2024-03-25 08:18:14.017+0000 INFO  Started.
2024-03-25 08:23:18.257+0000 INFO  Neo4j Server shutdown initiated by request
2024-03-25 08:23:18.258+0000 INFO  Stopping...
2024-03-25 08:23:23.493+0000 INFO  Stopped.
2024-03-25 08:23:33.188+0000 INFO  Logging config in use: File '/var/lib/neo4j/conf/user-logs.xml'
2024-03-25 08:23:33.198+0000 INFO  Starting...
2024-03-25 08:23:33.707+0000 INFO  This instance is ServerId{d73a420b} (d73a420b-73bb-46f4-9405-352f42c47532)
2024-03-25 08:23:34.095+0000 INFO  ======== Neo4j 5.13.0 ========
2024-03-25 08:23:34.813+0000 INFO  Bolt enabled on 0.0.0.0:7687.
2024-03-25 08:23:35.187+0000 INFO  HTTP enabled on 0.0.0.0:7474.
2024-03-25 08:23:35.187+0000 INFO  Remote interface available at http://localhost:7474/
2024-03-25 08:23:35.190+0000 INFO  id: B015315750FAFA82A12C6FB437E3E8F890413C246729064867336B3394406A3E
2024-03-25 08:23:35.190+0000 INFO  name: system
2024-03-25 08:23:35.191+0000 INFO  creationDate: 2024-03-25T08:18:12.534Z
2024-03-25 08:23:35.191+0000 INFO  Started.
2024-03-25 08:39:17.280+0000 INFO  Neo4j Server shutdown initiated by request
2024-03-25 08:39:17.281+0000 INFO  Stopping...
2024-03-25 08:39:22.501+0000 INFO  Stopped.
2024-03-25 08:41:20.379+0000 INFO  Logging config in use: File '/var/lib/neo4j/conf/user-logs.xml'
2024-03-25 08:41:20.390+0000 INFO  Starting...
2024-03-25 08:41:20.891+0000 INFO  This instance is ServerId{d73a420b} (d73a420b-73bb-46f4-9405-352f42c47532)
2024-03-25 08:41:21.269+0000 INFO  ======== Neo4j 5.13.0 ========
2024-03-25 08:41:22.165+0000 INFO  Bolt enabled on 0.0.0.0:7687.
2024-03-25 08:41:22.545+0000 INFO  HTTP enabled on 0.0.0.0:7474.
2024-03-25 08:41:22.550+0000 INFO  Remote interface available at http://localhost:7474/
2024-03-25 08:41:22.552+0000 INFO  id: B015315750FAFA82A12C6FB437E3E8F890413C246729064867336B3394406A3E
2024-03-25 08:41:22.552+0000 INFO  name: system
2024-03-25 08:41:22.553+0000 INFO  creationDate: 2024-03-25T08:18:12.534Z
2024-03-25 08:41:22.553+0000 INFO  Started.
2024-03-25 08:50:24.546+0000 INFO  Neo4j Server shutdown initiated by request
2024-03-25 08:50:24.547+0000 INFO  Stopping...
2024-03-25 08:50:29.760+0000 INFO  Stopped.
2024-03-25 08:50:49.043+0000 INFO  Logging config in use: File '/var/lib/neo4j/conf/user-logs.xml'
2024-03-25 08:50:49.053+0000 INFO  Starting...
2024-03-25 08:50:49.552+0000 INFO  This instance is ServerId{d73a420b} (d73a420b-73bb-46f4-9405-352f42c47532)
2024-03-25 08:50:49.924+0000 INFO  ======== Neo4j 5.13.0 ========
2024-03-25 08:50:50.824+0000 INFO  Bolt enabled on 0.0.0.0:7687.
2024-03-25 08:50:51.196+0000 INFO  HTTP enabled on 0.0.0.0:7474.
2024-03-25 08:50:51.197+0000 INFO  Remote interface available at http://localhost:7474/
2024-03-25 08:50:51.199+0000 INFO  id: B015315750FAFA82A12C6FB437E3E8F890413C246729064867336B3394406A3E
2024-03-25 08:50:51.200+0000 INFO  name: system
2024-03-25 08:50:51.200+0000 INFO  creationDate: 2024-03-25T08:18:12.534Z
2024-03-25 08:50:51.201+0000 INFO  Started.
2024-03-25 08:57:02.648+0000 INFO  Neo4j Server shutdown initiated by request
2024-03-25 08:57:02.648+0000 INFO  Stopping...
2024-03-25 08:57:07.768+0000 INFO  Stopped.
2024-03-25 09:08:12.591+0000 INFO  Logging config in use: File '/var/lib/neo4j/conf/user-logs.xml'
2024-03-25 09:08:12.603+0000 INFO  Starting...
2024-03-25 09:08:13.133+0000 INFO  This instance is ServerId{d73a420b} (d73a420b-73bb-46f4-9405-352f42c47532)
2024-03-25 09:08:13.507+0000 INFO  ======== Neo4j 5.13.0 ========
2024-03-25 09:08:14.467+0000 INFO  Bolt enabled on 0.0.0.0:7687.
2024-03-25 09:08:14.877+0000 INFO  HTTP enabled on 0.0.0.0:7474.
2024-03-25 09:08:14.880+0000 INFO  Remote interface available at http://localhost:7474/
2024-03-25 09:08:14.882+0000 INFO  id: B015315750FAFA82A12C6FB437E3E8F890413C246729064867336B3394406A3E
2024-03-25 09:08:14.883+0000 INFO  name: system
2024-03-25 09:08:14.883+0000 INFO  creationDate: 2024-03-25T08:18:12.534Z
2024-03-25 09:08:14.884+0000 INFO  Started.
2024-03-25 09:25:44.028+0000 INFO  Neo4j Server shutdown initiated by request
2024-03-25 09:25:44.029+0000 INFO  Stopping...
2024-03-25 09:25:49.163+0000 INFO  Stopped.
2024-03-26 01:16:53.197+0000 INFO  Logging config in use: File '/var/lib/neo4j/conf/user-logs.xml'
2024-03-26 01:16:53.208+0000 INFO  Starting...
2024-03-26 01:16:53.729+0000 INFO  This instance is ServerId{d73a420b} (d73a420b-73bb-46f4-9405-352f42c47532)
2024-03-26 01:16:54.107+0000 INFO  ======== Neo4j 5.13.0 ========
2024-03-26 01:16:55.044+0000 INFO  Bolt enabled on 0.0.0.0:7687.
2024-03-26 01:16:55.451+0000 INFO  HTTP enabled on 0.0.0.0:7474.
2024-03-26 01:16:55.452+0000 INFO  Remote interface available at http://localhost:7474/
2024-03-26 01:16:55.455+0000 INFO  id: B015315750FAFA82A12C6FB437E3E8F890413C246729064867336B3394406A3E
2024-03-26 01:16:55.456+0000 INFO  name: system
2024-03-26 01:16:55.456+0000 INFO  creationDate: 2024-03-25T08:18:12.534Z
2024-03-26 01:16:55.457+0000 INFO  Started.
2024-04-22 19:00:57.029+0000 INFO  Logging config in use: File '/var/lib/neo4j/conf/user-logs.xml'
2024-04-22 19:00:57.040+0000 INFO  Starting...
2024-04-22 19:00:57.562+0000 INFO  This instance is ServerId{d73a420b} (d73a420b-73bb-46f4-9405-352f42c47532)
2024-04-22 19:00:58.012+0000 INFO  ======== Neo4j 5.13.0 ========
2024-04-22 19:00:59.063+0000 INFO  Bolt enabled on 0.0.0.0:7687.
2024-04-22 19:00:59.513+0000 INFO  HTTP enabled on 0.0.0.0:7474.
2024-04-22 19:00:59.514+0000 INFO  Remote interface available at http://localhost:7474/
2024-04-22 19:00:59.516+0000 INFO  id: B015315750FAFA82A12C6FB437E3E8F890413C246729064867336B3394406A3E
2024-04-22 19:00:59.517+0000 INFO  name: system
2024-04-22 19:00:59.517+0000 INFO  creationDate: 2024-03-25T08:18:12.534Z
2024-04-22 19:00:59.518+0000 INFO  Started.
2024-04-22 19:24:37.672+0000 INFO  Neo4j Server shutdown initiated by request
2024-04-22 19:24:37.673+0000 INFO  Stopping...
2024-04-22 19:24:42.928+0000 INFO  Stopped.
