2024-03-25 03:02:53.565+0000 INFO  [o.n.g.f.m.GlobalModule] Logging config in use: File '/var/lib/neo4j/conf/server-logs.xml'
2024-03-25 03:02:53.671+0000 WARN  [o.n.k.i.JvmChecker] The max heap memory has not been configured. It is recommended that it is always explicitly configured, to ensure the system has a balanced configuration. Until then, a JVM computed heuristic of 2057306112 bytes is used instead. If you are running neo4j server, you need to configure server.memory.heap.max_size in neo4j.conf. If you are running neo4j embedded, you have to launch the JVM with -Xmx set to a value. You can run neo4j-admin server memory-recommendation for memory configuration suggestions.
2024-03-25 03:02:53.672+0000 WARN  [o.n.k.i.JvmChecker] The initial heap memory has not been configured. It is recommended that it is always explicitly configured, to ensure the system has a balanced configuration. Until then, a JVM computed heuristic of 130023424 bytes is used instead. If you are running neo4j server, you need to configure server.memory.heap.initial_size in neo4j.conf. If you are running neo4j embedded, you have to launch the JVM with -Xms set to a value. You can run neo4j-admin server memory-recommendation for memory configuration suggestions.
2024-03-25 03:02:53.766+0000 INFO  [o.n.i.d.DiagnosticsManager] 
                                                                ********************************************************************************
                                                                                             [ System diagnostics ]                             
                                                                ********************************************************************************
                                                                --------------------------------------------------------------------------------
                                                                                         [ System memory information ]                          
                                                                --------------------------------------------------------------------------------
                                                                Total Physical memory: 7.657GiB
                                                                Free Physical memory: 6.330GiB
                                                                Committed virtual memory: 5.625GiB
                                                                Total swap space: 1024MiB
                                                                Free swap space: 1024MiB
                                                                
                                                                --------------------------------------------------------------------------------
                                                                                           [ JVM memory information ]                           
                                                                --------------------------------------------------------------------------------
                                                                Free  memory: 67.88MiB
                                                                Total memory: 97.00MiB
                                                                Max   memory: 1.916GiB
                                                                Garbage Collector: G1 Young Generation: [G1 Eden Space, G1 Survivor Space, G1 Old Gen]
                                                                Garbage Collector: G1 Old Generation: [G1 Eden Space, G1 Survivor Space, G1 Old Gen]
                                                                Memory Pool: CodeHeap 'non-nmethods' (Non-heap memory): committed=2.438MiB, used=1.210MiB, max=5.570MiB, threshold=0B
                                                                Memory Pool: Metaspace (Non-heap memory): committed=21.75MiB, used=21.46MiB, max=-1B, threshold=0B
                                                                Memory Pool: CodeHeap 'profiled nmethods' (Non-heap memory): committed=5.563MiB, used=5.529MiB, max=117.2MiB, threshold=0B
                                                                Memory Pool: Compressed Class Space (Non-heap memory): committed=2.438MiB, used=2.308MiB, max=1.000GiB, threshold=0B
                                                                Memory Pool: G1 Eden Space (Heap memory): committed=70.00MiB, used=3.000MiB, max=-1B, threshold=?
                                                                Memory Pool: G1 Old Gen (Heap memory): committed=25.00MiB, used=24.83MiB, max=1.916GiB, threshold=0B
                                                                Memory Pool: G1 Survivor Space (Heap memory): committed=2.000MiB, used=1.296MiB, max=-1B, threshold=?
                                                                Memory Pool: CodeHeap 'non-profiled nmethods' (Non-heap memory): committed=2.438MiB, used=1.676MiB, max=117.2MiB, threshold=0B
                                                                
                                                                --------------------------------------------------------------------------------
                                                                                        [ Operating system information ]                        
                                                                --------------------------------------------------------------------------------
                                                                Operating System: Linux; version: 6.6.12-linuxkit; arch: aarch64; cpus: 10
                                                                Max number of file descriptors: 1048576
                                                                Number of open file descriptors: 192
                                                                Process id: 7
                                                                Byte order: LITTLE_ENDIAN
                                                                Local timezone: Etc/UTC
                                                                Memory page size: 4096
                                                                Unaligned memory access allowed: true
                                                                
                                                                --------------------------------------------------------------------------------
                                                                                              [ JVM information ]                               
                                                                --------------------------------------------------------------------------------
                                                                VM Name: OpenJDK 64-Bit Server VM
                                                                VM Vendor: Eclipse Adoptium
                                                                VM Version: 17.0.9+9
                                                                JIT compiler: HotSpot 64-Bit Tiered Compilers
                                                                VM Arguments: [-XX:+UseG1GC, -XX:-OmitStackTraceInFastThrow, -XX:+AlwaysPreTouch, -XX:+UnlockExperimentalVMOptions, -XX:+TrustFinalNonStaticFields, -XX:+DisableExplicitGC, -Djdk.nio.maxCachedBufferSize=1024, -Dio.netty.tryReflectionSetAccessible=true, -Djdk.tls.ephemeralDHKeySize=2048, -Djdk.tls.rejectClientInitiatedRenegotiation=true, -XX:FlightRecorderOptions=stackdepth=256, -XX:+UnlockDiagnosticVMOptions, -XX:+DebugNonSafepoints, --add-opens=java.base/java.nio=ALL-UNNAMED, --add-opens=java.base/java.io=ALL-UNNAMED, --add-opens=java.base/sun.nio.ch=ALL-UNNAMED, -Dlog4j2.disable.jmx=true, -Dfile.encoding=UTF-8]
                                                                
                                                                --------------------------------------------------------------------------------
                                                                                               [ Java classpath ]                               
                                                                --------------------------------------------------------------------------------
                                                                 [classpath] /var/lib/neo4j/lib/neo4j-query-router-5.13.0.jar
                                                                 [classpath] /var/lib/neo4j/lib/neo4j-token-api-5.13.0.jar
                                                                 [classpath] /var/lib/neo4j/lib/neo4j-concurrent-5.13.0.jar
                                                                 [classpath] /var/lib/neo4j/lib/shiro-config-core-1.12.0.jar
                                                                 [classpath] /var/lib/neo4j/lib/commons-lang3-3.13.0.jar
                                                                 [classpath] /var/lib/neo4j/lib/jetty-util-10.0.16.jar
                                                                 [classpath] /var/lib/neo4j/lib/neo4j-wal-5.13.0.jar
                                                                 [classpath] /var/lib/neo4j/lib/netty-common-4.1.100.Final.jar
                                                                 [classpath] /var/lib/neo4j/lib/neo4j-schema-5.13.0.jar
                                                                 [classpath] /var/lib/neo4j/lib/lucene-core-9.7.0.jar
                                                                 [classpath] /var/lib/neo4j/lib/jPowerShell-3.0.jar
                                                                 [classpath] /var/lib/neo4j/lib/neo4j-cypher-interpreted-runtime-5.13.0.jar
                                                                 [classpath] /var/lib/neo4j/lib/netty-tcnative-classes-2.0.61.Final.jar
                                                                 [classpath] /var/lib/neo4j/lib/cypher-ast-factory-5.13.0.jar
                                                                 [classpath] /var/lib/neo4j/lib/neo4j-server-5.13.0.jar
                                                                 [classpath] /var/lib/neo4j/lib/netty-transport-4.1.100.Final.jar
                                                                 [classpath] /var/lib/neo4j/lib/mercator_2.13-0.2.1.jar
                                                                 [classpath] /var/lib/neo4j/lib/reactive-streams-1.0.4.jar
                                                                 [classpath] /var/lib/neo4j/lib/jaxb-runtime-2.3.2.jar
                                                                 [classpath] /var/lib/neo4j/lib/neo4j-rewriting-5.13.0.jar
                                                                 [classpath] /var/lib/neo4j/lib/reactor-core-3.5.9.jar
                                                                 [classpath] /var/lib/neo4j/lib/neo4j-cypher-expression-evaluator-5.13.0.jar
                                                                 [classpath] /var/lib/neo4j/lib/shiro-crypto-hash-1.12.0.jar
                                                                 [classpath] /var/lib/neo4j/lib/javassist-3.25.0-GA.jar
                                                                 [classpath] /var/lib/neo4j/lib/jetty-server-10.0.16.jar
                                                                 [classpath] /var/lib/neo4j/lib/neo4j-graphdb-api-5.13.0.jar
                                                                 [classpath] /var/lib/neo4j/lib/jersey-container-servlet-2.34.jar
                                                                 [classpath] /var/lib/neo4j/lib/caffeine-3.1.8.jar
                                                                 [classpath] /var/lib/neo4j/lib/commons-configuration2-2.9.0.jar
                                                                 [classpath] /var/lib/neo4j/lib/neo4j-diagnostics-5.13.0.jar
                                                                 [classpath] /var/lib/neo4j/lib/neo4j-unsafe-5.13.0.jar
                                                                 [classpath] /var/lib/neo4j/lib/scala-library-2.13.11.jar
                                                                 [classpath] /var/lib/neo4j/lib/neo4j-cypher-physical-planning-5.13.0.jar
                                                                 [classpath] /var/lib/neo4j/lib/picocli-4.7.5.jar
                                                                 [classpath] /var/lib/neo4j/conf/*
                                                                 [classpath] /var/lib/neo4j/lib/neo4j-fabric-5.13.0.jar
                                                                 [classpath] /var/lib/neo4j/lib/WMI4Java-1.6.3.jar
                                                                 [classpath] /var/lib/neo4j/lib/neo4j-data-collector-5.13.0.jar
                                                                 [classpath] /var/lib/neo4j/lib/neo4j-exceptions-5.13.0.jar
                                                                 [classpath] /var/lib/neo4j/lib/jakarta.xml.bind-api-2.3.2.jar
                                                                 [classpath] /var/lib/neo4j/lib/jProcesses-1.6.5.jar
                                                                 [classpath] /var/lib/neo4j/lib/neo4j-cypher-slotted-runtime-5.13.0.jar
                                                                 [classpath] /var/lib/neo4j/lib/commons-collections-3.2.2.jar
                                                                 [classpath] /var/lib/neo4j/lib/neo4j-cypher-config-5.13.0.jar
                                                                 [classpath] /var/lib/neo4j/lib/hk2-locator-2.6.1.jar
                                                                 [classpath] /var/lib/neo4j/lib/neo4j-cypher-macros-5.13.0.jar
                                                                 [classpath] /var/lib/neo4j/lib/jersey-common-2.34.jar
                                                                 [classpath] /var/lib/neo4j/lib/neo4j-capabilities-5.13.0.jar
                                                                 [classpath] /var/lib/neo4j/lib/neo4j-cypher-5.13.0.jar
                                                                 [classpath] /var/lib/neo4j/lib/neo4j-security-5.13.0.jar
                                                                 [classpath] /var/lib/neo4j/lib/jackson-annotations-2.15.2.jar
                                                                 [classpath] /var/lib/neo4j/lib/eclipse-collections-api-11.1.0.jar
                                                                 [classpath] /var/lib/neo4j/lib/jersey-container-servlet-core-2.34.jar
                                                                 [classpath] /var/lib/neo4j/lib/neo4j-kernel-5.13.0.jar
                                                                 [classpath] /var/lib/neo4j/lib/neo4j-slf4j-provider-5.13.0.jar
                                                                 [classpath] /var/lib/neo4j/lib/commons-text-1.10.0.jar
                                                                 [classpath] /var/lib/neo4j/lib/jansi-2.4.0.jar
                                                                 [classpath] /var/lib/neo4j/lib/shiro-event-1.12.0.jar
                                                                 [classpath] /var/lib/neo4j/lib/neo4j-consistency-check-5.13.0.jar
                                                                 [classpath] /var/lib/neo4j/lib/shiro-lang-1.12.0.jar
                                                                 [classpath] /var/lib/neo4j/lib/neo4j-graph-algo-5.13.0.jar
                                                                 [classpath] /var/lib/neo4j/lib/ipaddress-5.4.0.jar
                                                                 [classpath] /var/lib/neo4j/lib/jline-terminal-3.21.0.jar
                                                                 [classpath] /var/lib/neo4j/lib/netty-transport-classes-kqueue-4.1.100.Final.jar
                                                                 [classpath] /var/lib/neo4j/lib/neo4j-layout-5.13.0.jar
                                                                 [classpath] /var/lib/neo4j/lib/neo4j-push-to-cloud-5.13.0.jar
                                                                 [classpath] /var/lib/neo4j/lib/neo4j-cypher-dsl-2023.6.0.jar
                                                                 [classpath] /var/lib/neo4j/lib/shiro-cache-1.12.0.jar
                                                                 [classpath] /var/lib/neo4j/lib/server-api-5.13.0.jar
                                                                 [classpath] /var/lib/neo4j/lib/neo4j-cypher-planner-spi-5.13.0.jar
                                                                 [classpath] /var/lib/neo4j/lib/neo4j-collections-5.13.0.jar
                                                                 [classpath] /var/lib/neo4j/lib/neo4j-values-5.13.0.jar
                                                                 [classpath] /var/lib/neo4j/lib/netty-transport-native-kqueue-4.1.100.Final-osx-aarch_64.jar
                                                                 [classpath] /var/lib/neo4j/lib/neo4j-util-5.13.0.jar
                                                                 [classpath] /var/lib/neo4j/lib/neo4j-java-driver-5.11.0.jar
                                                                 [classpath] /var/lib/neo4j/lib/neo4j-lucene-index-5.13.0.jar
                                                                 [classpath] /var/lib/neo4j/lib/shiro-crypto-cipher-1.12.0.jar
                                                                 [classpath] /var/lib/neo4j/lib/jakarta.ws.rs-api-2.1.6.jar
                                                                 [classpath] /var/lib/neo4j/lib/kiama_2.13-2.5.1.jar
                                                                 [classpath] /var/lib/neo4j/lib/neo4j-codegen-5.13.0.jar
                                                                 [classpath] /var/lib/neo4j/lib/neo4j-expressions-5.13.0.jar
                                                                 [classpath] /var/lib/neo4j/lib/neo4j-bolt-5.13.0.jar
                                                                 [classpath] /var/lib/neo4j/lib/jline-terminal-jansi-3.21.0.jar
                                                                 [classpath] /var/lib/neo4j/lib/lucene-queryparser-9.7.0.jar
                                                                 [classpath] /var/lib/neo4j/lib/hk2-api-2.6.1.jar
                                                                 [classpath] /var/lib/neo4j/lib/neo4j-index-5.13.0.jar
                                                                 [classpath] /var/lib/neo4j/lib/neo4j-fulltext-index-5.13.0.jar
                                                                 [classpath] /var/lib/neo4j/lib/netty-transport-native-epoll-4.1.100.Final-linux-x86_64.jar
                                                                 [classpath] /var/lib/neo4j/lib/neo4j-native-5.13.0.jar
                                                                 [classpath] /var/lib/neo4j/lib/istack-commons-runtime-3.0.8.jar
                                                                 [classpath] /var/lib/neo4j/lib/neo4j-storage-engine-util-5.13.0.jar
                                                                 [classpath] /var/lib/neo4j/lib/jackson-jaxrs-json-provider-2.15.2.jar
                                                                 [classpath] /var/lib/neo4j/lib/neo4j-record-storage-engine-5.13.0.jar
                                                                 [classpath] /var/lib/neo4j/lib/jetty-servlet-api-4.0.6.jar
                                                                 [classpath] /var/lib/neo4j/lib/eclipse-collections-11.1.0.jar
                                                                 [classpath] /var/lib/neo4j/lib/shiro-crypto-core-1.12.0.jar
                                                                 [classpath] /var/lib/neo4j/lib/neo4j-dbms-5.13.0.jar
                                                                 [classpath] /var/lib/neo4j/lib/neo4j-csv-5.13.0.jar
                                                                 [classpath] /var/lib/neo4j/lib/netty-transport-native-kqueue-4.1.100.Final-osx-x86_64.jar
                                                                 [classpath] /var/lib/neo4j/lib/slf4j-api-2.0.7.jar
                                                                 [classpath] /var/lib/neo4j/lib/neo4j-import-util-5.13.0.jar
                                                                 [classpath] /var/lib/neo4j/lib/neo4j-browser-5.12.0.jar
                                                                 [classpath] /var/lib/neo4j/lib/cypher-literal-interpreter-5.13.0.jar
                                                                 [classpath] /var/lib/neo4j/lib/neo4j-io-5.13.0.jar
                                                                 [classpath] /var/lib/neo4j/lib/shiro-config-ogdl-1.12.0.jar
                                                                 [classpath] /var/lib/neo4j/lib/jackson-jaxrs-base-2.15.2.jar
                                                                 [classpath] /var/lib/neo4j/lib/jakarta.activation-api-1.2.2.jar
                                                                 [classpath] /var/lib/neo4j/lib/jakarta.validation-api-2.0.2.jar
                                                                 [classpath] /var/lib/neo4j/lib/magnolia_2.13-0.17.0.jar
                                                                 [classpath] /var/lib/neo4j/lib/jetty-xml-10.0.16.jar
                                                                 [classpath] /var/lib/neo4j/lib/neo4j-id-generator-5.13.0.jar
                                                                 [classpath] /var/lib/neo4j/lib/neo4j-spatial-index-5.13.0.jar
                                                                 [classpath] /var/lib/neo4j/lib/jctools-core-4.0.1.jar
                                                                 [classpath] /var/lib/neo4j/lib/zstd-proxy-5.13.0.jar
                                                                 [classpath] /var/lib/neo4j/lib/jettison-1.5.4.jar
                                                                 [classpath] /var/lib/neo4j/lib/jetty-webapp-10.0.16.jar
                                                                 [classpath] /var/lib/neo4j/lib/jetty-http-10.0.16.jar
                                                                 [classpath] /var/lib/neo4j/lib/jakarta.inject-2.6.1.jar
                                                                 [classpath] /var/lib/neo4j/lib/netty-transport-native-epoll-4.1.100.Final-linux-aarch_64.jar
                                                                 [classpath] /var/lib/neo4j/lib/hk2-utils-2.6.1.jar
                                                                 [classpath] /var/lib/neo4j/lib/stax-ex-1.8.1.jar
                                                                 [classpath] /var/lib/neo4j/lib/netty-codec-4.1.100.Final.jar
                                                                 [classpath] /var/lib/neo4j/lib/txw2-2.3.2.jar
                                                                 [classpath] /var/lib/neo4j/lib/annotations-5.13.0.jar
                                                                 [classpath] /var/lib/neo4j/lib/neo4j-monitoring-5.13.0.jar
                                                                 [classpath] /var/lib/neo4j/lib/neo4j-5.13.0.jar
                                                                 [classpath] /var/lib/neo4j/lib/netty-buffer-4.1.100.Final.jar
                                                                 [classpath] /var/lib/neo4j/lib/commons-compress-1.24.0.jar
                                                                 [classpath] /var/lib/neo4j/lib/log4j-api-2.20.0.jar
                                                                 [classpath] /var/lib/neo4j/lib/neo4j-front-end-5.13.0.jar
                                                                 [classpath] /var/lib/neo4j/lib/jline-reader-3.21.0.jar
                                                                 [classpath] /var/lib/neo4j/lib/FastInfoset-1.2.16.jar
                                                                 [classpath] /var/lib/neo4j/lib/jetty-io-10.0.16.jar
                                                                 [classpath] /var/lib/neo4j/lib/neo4j-procedure-5.13.0.jar
                                                                 [classpath] /var/lib/neo4j/lib/neo4j-import-tool-5.13.0.jar
                                                                 [classpath] /var/lib/neo4j/lib/neo4j-command-line-5.13.0.jar
                                                                 [classpath] /var/lib/neo4j/lib/neo4j-cypher-runtime-util-5.13.0.jar
                                                                 [classpath] /var/lib/neo4j/lib/argparse4j-0.9.0.jar
                                                                 [classpath] /var/lib/neo4j/lib/log4j-core-2.20.0.jar
                                                                 [classpath] /var/lib/neo4j/lib/commons-logging-1.2.jar
                                                                 [classpath] /var/lib/neo4j/lib/jna-5.13.0.jar
                                                                 [classpath] /var/lib/neo4j/lib/jetty-servlet-10.0.16.jar
                                                                 [classpath] /var/lib/neo4j/lib/neo4j-cypher-cache-5.13.0.jar
                                                                 [classpath] /var/lib/neo4j/lib/neo4j-bootcheck-5.13.0.jar
                                                                 [classpath] /var/lib/neo4j/lib/jackson-core-2.15.2.jar
                                                                 [classpath] /var/lib/neo4j/lib/lucene-analysis-common-9.7.0.jar
                                                                 [classpath] /var/lib/neo4j/lib/netty-resolver-4.1.100.Final.jar
                                                                 [classpath] /var/lib/neo4j/lib/commons-io-2.13.0.jar
                                                                 [classpath] /var/lib/neo4j/lib/jackson-databind-2.15.2.jar
                                                                 [classpath] /var/lib/neo4j/lib/zstd-jni-1.5.5-5.jar
                                                                 [classpath] /var/lib/neo4j/lib/netty-handler-4.1.100.Final.jar
                                                                 [classpath] /var/lib/neo4j/lib/neo4j-ssl-5.13.0.jar
                                                                 [classpath] /var/lib/neo4j/lib/scala-reflect-2.13.11.jar
                                                                 [classpath] /var/lib/neo4j/lib/jakarta.annotation-api-1.3.5.jar
                                                                 [classpath] /var/lib/neo4j/lib/neo4j-kernel-api-5.13.0.jar
                                                                 [classpath] /var/lib/neo4j/lib/cypher-shell-5.13.0.jar
                                                                 [classpath] /var/lib/neo4j/lib/shiro-core-1.12.0.jar
                                                                 [classpath] /var/lib/neo4j/lib/neo4j-ast-5.13.0.jar
                                                                 [classpath] /var/lib/neo4j/lib/lucene-backward-codecs-9.7.0.jar
                                                                 [classpath] /var/lib/neo4j/lib/neo4j-cypher-ir-5.13.0.jar
                                                                 [classpath] /var/lib/neo4j/lib/neo4j-lock-5.13.0.jar
                                                                 [classpath] /var/lib/neo4j/lib/neo4j-cypher-javacc-parser-5.13.0.jar
                                                                 [classpath] /var/lib/neo4j/lib/neo4j-cypher-logical-plans-5.13.0.jar
                                                                 [classpath] /var/lib/neo4j/lib/neo4j-cypher-planner-5.13.0.jar
                                                                 [classpath] /var/lib/neo4j/lib/jackson-module-jaxb-annotations-2.15.2.jar
                                                                 [classpath] /var/lib/neo4j/lib/neo4j-resource-5.13.0.jar
                                                                 [classpath] /var/lib/neo4j/lib/netty-transport-classes-epoll-4.1.100.Final.jar
                                                                 [classpath] /var/lib/neo4j/lib/neo4j-configuration-5.13.0.jar
                                                                 [classpath] /var/lib/neo4j/lib/netty-transport-native-unix-common-4.1.100.Final.jar
                                                                 [classpath] /var/lib/neo4j/lib/netty-codec-http-4.1.100.Final.jar
                                                                 [classpath] /var/lib/neo4j/lib/neo4j-procedure-api-5.13.0.jar
                                                                 [classpath] /var/lib/neo4j/lib/log4j-layout-template-json-2.20.0.jar
                                                                 [classpath] /var/lib/neo4j/lib/jetty-security-10.0.16.jar
                                                                 [classpath] /var/lib/neo4j/lib/jersey-server-2.34.jar
                                                                 [classpath] /var/lib/neo4j/lib/commons-beanutils-1.9.4.jar
                                                                 [classpath] /var/lib/neo4j/lib/scala-collection-contrib_2.13-0.3.0.jar
                                                                 [classpath] /var/lib/neo4j/lib/neo4j-cypher-ast-factory-5.13.0.jar
                                                                 [classpath] /var/lib/neo4j/lib/neo4j-logging-5.13.0.jar
                                                                 [classpath] /var/lib/neo4j/lib/neo4j-common-5.13.0.jar
                                                                 [classpath] /var/lib/neo4j/lib/jersey-client-2.34.jar
                                                                 [classpath] /var/lib/neo4j/lib/jersey-hk2-2.34.jar
                                                                
                                                                --------------------------------------------------------------------------------
                                                                                                [ Library path ]                                
                                                                --------------------------------------------------------------------------------
                                                                /usr/java/packages/lib
                                                                /usr/lib64
                                                                /lib64
                                                                /lib
                                                                /usr/lib
                                                                
                                                                --------------------------------------------------------------------------------
                                                                                             [ System properties ]                              
                                                                --------------------------------------------------------------------------------
                                                                jdk.tls.rejectClientInitiatedRenegotiation = true
                                                                sun.jnu.encoding = ANSI_X3.4-1968
                                                                sun.arch.data.model = 64
                                                                user.timezone = Etc/UTC
                                                                sun.java.launcher = SUN_STANDARD
                                                                user.country = US
                                                                sun.boot.library.path = /opt/java/openjdk/lib
                                                                sun.java.command = org.neo4j.server.CommunityEntryPoint --home-dir=/var/lib/neo4j --config-dir=/var/lib/neo4j/conf --console-mode
                                                                jdk.debug = release
                                                                io.netty.tryReflectionSetAccessible = true
                                                                sun.cpu.endian = little
                                                                user.home = /var/lib/neo4j
                                                                user.language = en
                                                                file.separator = /
                                                                jdk.tls.ephemeralDHKeySize = 2048
                                                                sun.management.compiler = HotSpot 64-Bit Tiered Compilers
                                                                user.name = neo4j
                                                                jdk.nio.maxCachedBufferSize = 1024
                                                                path.separator = :
                                                                file.encoding = UTF-8
                                                                jnidispatch.path = /var/lib/neo4j/.cache/JNA/temp/jna4029026508257851744.tmp
                                                                jna.loaded = true
                                                                user.dir = /var/lib/neo4j
                                                                native.encoding = ANSI_X3.4-1968
                                                                sun.io.unicode.encoding = UnicodeLittle
                                                                log4j2.disable.jmx = true
                                                                
                                                                --------------------------------------------------------------------------------
                                                                                      [ (IANA) TimeZone database version ]                      
                                                                --------------------------------------------------------------------------------
                                                                  TimeZone version: 2023c (available for 603 zone identifiers)
                                                                
                                                                --------------------------------------------------------------------------------
                                                                                            [ Network information ]                             
                                                                --------------------------------------------------------------------------------
                                                                Interface eth0:
                                                                    address: 172.18.0.2
                                                                Interface lo:
                                                                    address: 127.0.0.1
                                                                
                                                                --------------------------------------------------------------------------------
                                                                                         [ Native access information ]                          
                                                                --------------------------------------------------------------------------------
                                                                Native access details: Linux native access is available.
                                                                
                                                                --------------------------------------------------------------------------------
                                                                                                [ DBMS config ]                                 
                                                                --------------------------------------------------------------------------------
                                                                DBMS provided settings:
                                                                db.tx_log.rotation.retention_policy=2 days 2G
                                                                server.bolt.enabled=true
                                                                server.default_listen_address=0.0.0.0
                                                                server.directories.import=/var/lib/neo4j/import
                                                                server.directories.logs=/logs
                                                                server.directories.neo4j_home=/var/lib/neo4j
                                                                server.http.enabled=true
                                                                server.https.enabled=false
                                                                server.jvm.additional=-XX:+UseG1GC
-XX:-OmitStackTraceInFastThrow
-XX:+AlwaysPreTouch
-XX:+UnlockExperimentalVMOptions
-XX:+TrustFinalNonStaticFields
-XX:+DisableExplicitGC
-Djdk.nio.maxCachedBufferSize=1024
-Dio.netty.tryReflectionSetAccessible=true
-Djdk.tls.ephemeralDHKeySize=2048
-Djdk.tls.rejectClientInitiatedRenegotiation=true
-XX:FlightRecorderOptions=stackdepth=256
-XX:+UnlockDiagnosticVMOptions
-XX:+DebugNonSafepoints
--add-opens=java.base/java.nio=ALL-UNNAMED
--add-opens=java.base/java.io=ALL-UNNAMED
--add-opens=java.base/sun.nio.ch=ALL-UNNAMED
-Dlog4j2.disable.jmx=true
                                                                server.memory.pagecache.size=512.00MiB
                                                                server.windows_service_name=neo4j
                                                                Directories in use:
                                                                server.directories.data=/var/lib/neo4j/data
                                                                server.directories.dumps.root=/var/lib/neo4j/data/dumps
                                                                server.directories.import=/var/lib/neo4j/import
                                                                server.directories.lib=/var/lib/neo4j/lib
                                                                server.directories.licenses=/var/lib/neo4j/licenses
                                                                server.directories.logs=/logs
                                                                server.directories.neo4j_home=/var/lib/neo4j
                                                                server.directories.plugins=/var/lib/neo4j/plugins
                                                                server.directories.run=/var/lib/neo4j/run
                                                                server.directories.script.root=/var/lib/neo4j/data/scripts
                                                                server.directories.transaction.logs.root=/var/lib/neo4j/data/transactions
                                                                
                                                                --------------------------------------------------------------------------------
                                                                                                 [ Packaging ]                                  
                                                                --------------------------------------------------------------------------------
                                                                Edition: Community
                                                                Package Type: tar
                                                                
2024-03-25 03:02:53.781+0000 INFO  [o.n.d.i.DefaultIdentityModule] Generated new ServerId: ServerId{ea35e942} (ea35e942-f8d5-44cd-8eba-a02ef349f8e3)
2024-03-25 03:02:53.782+0000 INFO  [o.n.d.i.DefaultIdentityModule] This instance is ServerId{ea35e942} (ea35e942-f8d5-44cd-8eba-a02ef349f8e3)
2024-03-25 03:02:54.151+0000 INFO  [o.n.s.CommunityNeoWebServer] ======== Neo4j 5.13.0 ========
2024-03-25 03:02:54.160+0000 INFO  [o.n.d.d.DatabaseLifecycles] Creating 'DatabaseId{00000000[system]}'.
2024-03-25 03:02:54.213+0000 INFO  [o.n.b.BoltServer] Using connector transport epoll
2024-03-25 03:02:54.244+0000 INFO  [o.n.b.BoltServer] Configured external Bolt connector with listener address /0.0.0.0:7687
2024-03-25 03:02:54.244+0000 INFO  [o.n.b.BoltServer] Bolt server loaded
2024-03-25 03:02:54.256+0000 INFO  [o.n.d.d.DatabaseLifecycles] Starting 'DatabaseId{00000000[system]}'.
2024-03-25 03:02:54.579+0000 INFO  [o.n.i.d.DiagnosticsManager] [system/00000000] 
                                                                [system/00000000] ********************************************************************************
                                                                [system/00000000]                               [ Database: system ]                              
                                                                [system/00000000] ********************************************************************************
                                                                [system/00000000] --------------------------------------------------------------------------------
                                                                [system/00000000]                                   [ Version ]                                   
                                                                [system/00000000] --------------------------------------------------------------------------------
                                                                [system/00000000] DBMS: community record-aligned-1.1
                                                                [system/00000000] Kernel version: 5.13.0
                                                                [system/00000000] 
                                                                [system/00000000] --------------------------------------------------------------------------------
                                                                [system/00000000]                                 [ Store files ]                                 
                                                                [system/00000000] --------------------------------------------------------------------------------
                                                                [system/00000000] Disk space on partition (Total / Free / Free %): 994662584320 / 913193639936 / 91
                                                                [system/00000000] Storage files stored on file store: fakeowner
                                                                [system/00000000] Storage files: (filename : modification date - size)
                                                                [system/00000000]   neostore: 2024-03-25 03:02:54.507+0000 - 8.000KiB
                                                                [system/00000000]   neostore.counts.db: 2024-03-25 03:02:54.519+0000 - 0B
                                                                [system/00000000]   neostore.indexstats.db: 2024-03-25 03:02:54.528+0000 - 0B
                                                                [system/00000000]   neostore.labeltokenstore.db: 2024-03-25 03:02:54.499+0000 - 0B
                                                                [system/00000000]   neostore.labeltokenstore.db.id: 2024-03-25 03:02:54.499+0000 - 0B
                                                                [system/00000000]   neostore.labeltokenstore.db.names: 2024-03-25 03:02:54.498+0000 - 8.000KiB
                                                                [system/00000000]   neostore.labeltokenstore.db.names.id: 2024-03-25 03:02:54.497+0000 - 0B
                                                                [system/00000000]   neostore.nodestore.db: 2024-03-25 03:02:54.484+0000 - 0B
                                                                [system/00000000]   neostore.nodestore.db.id: 2024-03-25 03:02:54.484+0000 - 0B
                                                                [system/00000000]   neostore.nodestore.db.labels: 2024-03-25 03:02:54.481+0000 - 8.000KiB
                                                                [system/00000000]   neostore.nodestore.db.labels.id: 2024-03-25 03:02:54.467+0000 - 0B
                                                                [system/00000000]   neostore.propertystore.db: 2024-03-25 03:02:54.493+0000 - 0B
                                                                [system/00000000]   neostore.propertystore.db.arrays: 2024-03-25 03:02:54.491+0000 - 8.000KiB
                                                                [system/00000000]   neostore.propertystore.db.arrays.id: 2024-03-25 03:02:54.490+0000 - 0B
                                                                [system/00000000]   neostore.propertystore.db.id: 2024-03-25 03:02:54.492+0000 - 0B
                                                                [system/00000000]   neostore.propertystore.db.index: 2024-03-25 03:02:54.488+0000 - 0B
                                                                [system/00000000]   neostore.propertystore.db.index.id: 2024-03-25 03:02:54.487+0000 - 0B
                                                                [system/00000000]   neostore.propertystore.db.index.keys: 2024-03-25 03:02:54.486+0000 - 8.000KiB
                                                                [system/00000000]   neostore.propertystore.db.index.keys.id: 2024-03-25 03:02:54.485+0000 - 0B
                                                                [system/00000000]   neostore.propertystore.db.strings: 2024-03-25 03:02:54.489+0000 - 8.000KiB
                                                                [system/00000000]   neostore.propertystore.db.strings.id: 2024-03-25 03:02:54.488+0000 - 0B
                                                                [system/00000000]   neostore.relationshipgroupstore.db: 2024-03-25 03:02:54.503+0000 - 8.000KiB
                                                                [system/00000000]   neostore.relationshipgroupstore.db.id: 2024-03-25 03:02:54.502+0000 - 0B
                                                                [system/00000000]   neostore.relationshipgroupstore.degrees.db: 2024-03-25 03:02:54.525+0000 - 0B
                                                                [system/00000000]   neostore.relationshipstore.db: 2024-03-25 03:02:54.494+0000 - 0B
                                                                [system/00000000]   neostore.relationshipstore.db.id: 2024-03-25 03:02:54.494+0000 - 0B
                                                                [system/00000000]   neostore.relationshiptypestore.db: 2024-03-25 03:02:54.497+0000 - 0B
                                                                [system/00000000]   neostore.relationshiptypestore.db.id: 2024-03-25 03:02:54.497+0000 - 0B
                                                                [system/00000000]   neostore.relationshiptypestore.db.names: 2024-03-25 03:02:54.495+0000 - 8.000KiB
                                                                [system/00000000]   neostore.relationshiptypestore.db.names.id: 2024-03-25 03:02:54.495+0000 - 0B
                                                                [system/00000000]   neostore.schemastore.db: 2024-03-25 03:02:54.501+0000 - 8.000KiB
                                                                [system/00000000]   neostore.schemastore.db.id: 2024-03-25 03:02:54.501+0000 - 0B
                                                                [system/00000000] Storage summary: 
                                                                [system/00000000]   Total size of store: 72.00KiB
                                                                [system/00000000]   Total size of mapped files: 72.00KiB
                                                                [system/00000000] 
                                                                [system/00000000] --------------------------------------------------------------------------------
                                                                [system/00000000]                               [ Transaction log ]                               
                                                                [system/00000000] --------------------------------------------------------------------------------
                                                                [system/00000000] Transaction log files stored on file store: fakeowner
                                                                [system/00000000] Transaction log metadata:
                                                                [system/00000000]  - current kernel version used in transactions: V5_13
                                                                [system/00000000]  - last committed transaction id: 1
                                                                [system/00000000] Transaction log files:
                                                                [system/00000000]  - existing transaction log versions: -1--1
                                                                [system/00000000]  - no transactions found
                                                                [system/00000000] Checkpoint log files:
                                                                [system/00000000]  - existing checkpoint log versions: -1--1
                                                                [system/00000000]  - no checkpoints found
                                                                [system/00000000] 
                                                                [system/00000000] --------------------------------------------------------------------------------
                                                                [system/00000000]                                   [ Id usage ]                                  
                                                                [system/00000000] --------------------------------------------------------------------------------
                                                                [system/00000000] ArrayPropertyStore[neostore.nodestore.db.labels]: used=1 high=0
                                                                [system/00000000] NodeStore[neostore.nodestore.db]: used=0 high=-1
                                                                [system/00000000] StringPropertyStore[neostore.propertystore.db.index.keys]: used=1 high=0
                                                                [system/00000000] PropertyIndexStore[neostore.propertystore.db.index]: used=0 high=-1
                                                                [system/00000000] StringPropertyStore[neostore.propertystore.db.strings]: used=1 high=0
                                                                [system/00000000] ArrayPropertyStore[neostore.propertystore.db.arrays]: used=1 high=0
                                                                [system/00000000] PropertyStore[neostore.propertystore.db]: used=0 high=-1
                                                                [system/00000000] RelationshipStore[neostore.relationshipstore.db]: used=0 high=-1
                                                                [system/00000000] StringPropertyStore[neostore.relationshiptypestore.db.names]: used=1 high=0
                                                                [system/00000000] RelationshipTypeStore[neostore.relationshiptypestore.db]: used=0 high=-1
                                                                [system/00000000] StringPropertyStore[neostore.labeltokenstore.db.names]: used=1 high=0
                                                                [system/00000000] LabelTokenStore[neostore.labeltokenstore.db]: used=0 high=-1
                                                                [system/00000000] SchemaStore[neostore.schemastore.db]: used=1 high=0
                                                                [system/00000000] RelationshipGroupStore[neostore.relationshipgroupstore.db]: used=1 high=0
                                                                [system/00000000] NeoStore[neostore]: used=-1 high=-1
                                                                [system/00000000] 
                                                                [system/00000000] --------------------------------------------------------------------------------
                                                                [system/00000000]                                   [ Metadata ]                                  
                                                                [system/00000000] --------------------------------------------------------------------------------
                                                                [system/00000000] EXTERNAL_STORE_UUID (Database identifier exposed as external store identity. Generated on creation and never updated): ca54fcc9-78b6-4099-b9e7-d5a10fa3e9bc
                                                                [system/00000000] DATABASE_ID (The last used DatabaseId for this database): null
                                                                [system/00000000] LEGACY_STORE_VERSION (Legacy store format version. This field is used from 5.0 onwards only to distinguish non-migrated pre 5.0 metadata stores.): -3523014627327384477
                                                                [system/00000000] STORE_ID (Store ID): StoreId{creationTime=1711335774503, random=-5525588115901258482, storageEngineName='record', formatName='aligned', majorVersion=1, minorVersion=1}
                                                                [system/00000000] 
2024-03-25 03:02:54.591+0000 INFO  [o.n.k.a.DatabaseAvailabilityGuard] [system/00000000] Requirement `Database unavailable` makes database system unavailable.
2024-03-25 03:02:54.591+0000 INFO  [o.n.k.a.DatabaseAvailabilityGuard] [system/00000000] DatabaseId{00000000[system]} is unavailable.
2024-03-25 03:02:54.599+0000 WARN  [o.n.k.i.s.MetaDataStore] [system/00000000] Missing counts store, rebuilding it.
2024-03-25 03:02:54.602+0000 WARN  [o.n.k.i.s.MetaDataStore] [system/00000000] Counts store rebuild completed.
2024-03-25 03:02:54.646+0000 INFO  [o.n.k.d.Database] [system/00000000] Starting transaction log [/var/lib/neo4j/data/transactions/system/neostore.transaction.db.0] at version=0
2024-03-25 03:02:54.652+0000 INFO  [o.n.k.d.Database] [system/00000000] Starting transaction log [/var/lib/neo4j/data/transactions/system/checkpoint.0] at version=0
2024-03-25 03:02:54.654+0000 INFO  [o.n.k.i.t.l.f.c.CheckpointLogFile] [system/00000000] Scanning log file with version 0 for checkpoint entries
2024-03-25 03:02:54.683+0000 INFO  [o.n.k.a.DatabaseAvailabilityGuard] [system/00000000] Fulfilling of requirement 'Database unavailable' makes database system available.
2024-03-25 03:02:54.683+0000 INFO  [o.n.k.a.DatabaseAvailabilityGuard] [system/00000000] DatabaseId{00000000[system]} is ready.
2024-03-25 03:02:54.857+0000 INFO  [o.n.k.i.a.i.IndexPopulationJob] [system/00000000] Index population started: [Index( id=1, name='index_343aff4e', type='LOOKUP', schema=(:<any-labels>), indexProvider='token-lookup-1.0' )]
2024-03-25 03:02:54.878+0000 INFO  [o.n.k.i.a.i.IndexPopulationJob] [system/00000000] Index creation finished for index [Index( id=1, name='index_343aff4e', type='LOOKUP', schema=(:<any-labels>), indexProvider='token-lookup-1.0' )].
2024-03-25 03:02:54.883+0000 INFO  [o.n.k.i.a.i.IndexPopulationJob] [system/00000000] Index population started: [Index( id=2, name='index_f7700477', type='LOOKUP', schema=()-[:<any-types>]-(), indexProvider='token-lookup-1.0' )]
2024-03-25 03:02:54.891+0000 INFO  [o.n.k.i.a.i.IndexPopulationJob] [system/00000000] Index creation finished for index [Index( id=2, name='index_f7700477', type='LOOKUP', schema=()-[:<any-types>]-(), indexProvider='token-lookup-1.0' )].
2024-03-25 03:02:54.894+0000 INFO  [o.n.k.i.t.l.c.CheckPointerImpl] [system/00000000] Checkpoint triggered by "Database init completed." @ txId: 3 checkpoint started...
2024-03-25 03:02:54.919+0000 INFO  [o.n.k.i.t.l.c.CheckPointerImpl] [system/00000000] Checkpoint triggered by "Database init completed." @ txId: 3 checkpoint completed in 23ms. Checkpoint flushed 74 pages (0% of total available pages), in 57 IOs. Checkpoint performed with IO limit: unlimited, paused in total 0 times( 0 millis).
2024-03-25 03:02:54.920+0000 INFO  [o.n.k.i.t.l.p.LogPruningImpl] [system/00000000] No log version pruned. The strategy used was '2 days 2147483648 size'. 
2024-03-25 03:02:54.965+0000 INFO  [o.n.k.i.a.i.IndexPopulationJob] [system/00000000] Index population started: [Index( id=3, name='constraint_798238d6', type='RANGE', schema=(:DatabaseName {name, namespace}), indexProvider='range-1.0' )]
2024-03-25 03:02:54.979+0000 INFO  [o.n.k.i.a.i.IndexPopulationJob] [system/00000000] Index creation finished for index [Index( id=3, name='constraint_798238d6', type='RANGE', schema=(:DatabaseName {name, namespace}), indexProvider='range-1.0' )].
2024-03-25 03:02:54.987+0000 INFO  [o.n.k.i.a.i.IndexPopulationJob] [system/00000000] Index population started: [Index( id=4, name='constraint_8014b60a', type='RANGE', schema=(:Database {name}), indexProvider='range-1.0' )]
2024-03-25 03:02:54.994+0000 INFO  [o.n.k.i.a.i.IndexPopulationJob] [system/00000000] Index creation finished for index [Index( id=4, name='constraint_8014b60a', type='RANGE', schema=(:Database {name}), indexProvider='range-1.0' )].
2024-03-25 03:02:55.007+0000 INFO  [o.n.k.i.a.i.IndexingService] [system/00000000] Constraint Index( id=3, name='constraint_798238d6', type='RANGE', schema=(:Label[1] {PropertyKey[11], PropertyKey[12]}), indexProvider='range-1.0' ) is ONLINE.
2024-03-25 03:02:55.008+0000 INFO  [o.n.k.i.a.i.IndexingService] [system/00000000] Constraint Index( id=4, name='constraint_8014b60a', type='RANGE', schema=(:Label[2] {PropertyKey[11]}), indexProvider='range-1.0' ) is ONLINE.
2024-03-25 03:02:55.153+0000 INFO  [o.n.k.i.a.i.IndexPopulationJob] [system/00000000] Index population started: [Index( id=7, name='constraint_5789ae3', type='RANGE', schema=(:User {name}), indexProvider='range-1.0' )]
2024-03-25 03:02:55.159+0000 INFO  [o.n.k.i.a.i.IndexPopulationJob] [system/00000000] Index creation finished for index [Index( id=7, name='constraint_5789ae3', type='RANGE', schema=(:User {name}), indexProvider='range-1.0' )].
2024-03-25 03:02:55.167+0000 INFO  [o.n.k.i.a.i.IndexPopulationJob] [system/00000000] Index population started: [Index( id=8, name='constraint_74fad970', type='RANGE', schema=(:User {id}), indexProvider='range-1.0' )]
2024-03-25 03:02:55.173+0000 INFO  [o.n.k.i.a.i.IndexPopulationJob] [system/00000000] Index creation finished for index [Index( id=8, name='constraint_74fad970', type='RANGE', schema=(:User {id}), indexProvider='range-1.0' )].
2024-03-25 03:02:55.178+0000 INFO  [o.n.k.i.a.i.IndexingService] [system/00000000] Constraint Index( id=7, name='constraint_5789ae3', type='RANGE', schema=(:Label[3] {PropertyKey[11]}), indexProvider='range-1.0' ) is ONLINE.
2024-03-25 03:02:55.178+0000 INFO  [o.n.k.i.a.i.IndexingService] [system/00000000] Constraint Index( id=8, name='constraint_74fad970', type='RANGE', schema=(:Label[3] {PropertyKey[26]}), indexProvider='range-1.0' ) is ONLINE.
2024-03-25 03:02:55.180+0000 INFO  [o.n.s.s.s.UserSecurityGraphComponent] Initializing system graph model for component 'security-users' with version -1 and status UNINITIALIZED
2024-03-25 03:02:55.184+0000 INFO  [o.n.s.s.s.UserSecurityGraphComponent] Setting up initial user from `auth.ini` file: neo4j
2024-03-25 03:02:55.184+0000 INFO  [o.n.s.s.a.CommunitySecurityModule] CREATE USER neo4j PASSWORD ****** CHANGE NOT REQUIRED
2024-03-25 03:02:55.189+0000 INFO  [o.n.s.s.s.UserSecurityGraphComponent] Setting version for 'security-users' to 4
2024-03-25 03:02:55.191+0000 INFO  [o.n.s.s.s.UserSecurityGraphComponent] After initialization of system graph model component 'security-users' have version 4 and status CURRENT
2024-03-25 03:02:55.194+0000 INFO  [o.n.s.s.s.UserSecurityGraphComponent] Performing postInitialization step for component 'security-users' with version 4 and status CURRENT
2024-03-25 03:02:55.197+0000 INFO  [o.n.d.d.DatabaseLifecycles] Creating 'DatabaseId{ef0656d7[neo4j]}'.
2024-03-25 03:02:55.199+0000 INFO  [o.n.d.d.DatabaseLifecycles] Starting 'DatabaseId{ef0656d7[neo4j]}'.
2024-03-25 03:02:55.205+0000 INFO  [o.n.k.i.s.f.RecordFormatSelector] [neo4j/ef0656d7] Selected configured format for store /var/lib/neo4j/data/databases/neo4j: RecordFormat:PageAlignedV5_0[aligned-1.1]
2024-03-25 03:02:55.234+0000 INFO  [o.n.i.d.DiagnosticsManager] [neo4j/ef0656d7] 
                                                                [neo4j/ef0656d7] ********************************************************************************
                                                                [neo4j/ef0656d7]                               [ Database: neo4j ]                               
                                                                [neo4j/ef0656d7] ********************************************************************************
                                                                [neo4j/ef0656d7] --------------------------------------------------------------------------------
                                                                [neo4j/ef0656d7]                                   [ Version ]                                   
                                                                [neo4j/ef0656d7] --------------------------------------------------------------------------------
                                                                [neo4j/ef0656d7] DBMS: community record-aligned-1.1
                                                                [neo4j/ef0656d7] Kernel version: 5.13.0
                                                                [neo4j/ef0656d7] 
                                                                [neo4j/ef0656d7] --------------------------------------------------------------------------------
                                                                [neo4j/ef0656d7]                                 [ Store files ]                                 
                                                                [neo4j/ef0656d7] --------------------------------------------------------------------------------
                                                                [neo4j/ef0656d7] Disk space on partition (Total / Free / Free %): 994662584320 / 912926281728 / 91
                                                                [neo4j/ef0656d7] Storage files stored on file store: fakeowner
                                                                [neo4j/ef0656d7] Storage files: (filename : modification date - size)
                                                                [neo4j/ef0656d7]   neostore: 2024-03-25 03:02:55.226+0000 - 8.000KiB
                                                                [neo4j/ef0656d7]   neostore.counts.db: 2024-03-25 03:02:55.226+0000 - 0B
                                                                [neo4j/ef0656d7]   neostore.indexstats.db: 2024-03-25 03:02:55.227+0000 - 0B
                                                                [neo4j/ef0656d7]   neostore.labeltokenstore.db: 2024-03-25 03:02:55.223+0000 - 0B
                                                                [neo4j/ef0656d7]   neostore.labeltokenstore.db.id: 2024-03-25 03:02:55.223+0000 - 0B
                                                                [neo4j/ef0656d7]   neostore.labeltokenstore.db.names: 2024-03-25 03:02:55.222+0000 - 8.000KiB
                                                                [neo4j/ef0656d7]   neostore.labeltokenstore.db.names.id: 2024-03-25 03:02:55.222+0000 - 0B
                                                                [neo4j/ef0656d7]   neostore.nodestore.db: 2024-03-25 03:02:55.211+0000 - 0B
                                                                [neo4j/ef0656d7]   neostore.nodestore.db.id: 2024-03-25 03:02:55.210+0000 - 0B
                                                                [neo4j/ef0656d7]   neostore.nodestore.db.labels: 2024-03-25 03:02:55.209+0000 - 8.000KiB
                                                                [neo4j/ef0656d7]   neostore.nodestore.db.labels.id: 2024-03-25 03:02:55.208+0000 - 0B
                                                                [neo4j/ef0656d7]   neostore.propertystore.db: 2024-03-25 03:02:55.217+0000 - 0B
                                                                [neo4j/ef0656d7]   neostore.propertystore.db.arrays: 2024-03-25 03:02:55.216+0000 - 8.000KiB
                                                                [neo4j/ef0656d7]   neostore.propertystore.db.arrays.id: 2024-03-25 03:02:55.215+0000 - 0B
                                                                [neo4j/ef0656d7]   neostore.propertystore.db.id: 2024-03-25 03:02:55.216+0000 - 0B
                                                                [neo4j/ef0656d7]   neostore.propertystore.db.index: 2024-03-25 03:02:55.213+0000 - 0B
                                                                [neo4j/ef0656d7]   neostore.propertystore.db.index.id: 2024-03-25 03:02:55.213+0000 - 0B
                                                                [neo4j/ef0656d7]   neostore.propertystore.db.index.keys: 2024-03-25 03:02:55.212+0000 - 8.000KiB
                                                                [neo4j/ef0656d7]   neostore.propertystore.db.index.keys.id: 2024-03-25 03:02:55.211+0000 - 0B
                                                                [neo4j/ef0656d7]   neostore.propertystore.db.strings: 2024-03-25 03:02:55.214+0000 - 8.000KiB
                                                                [neo4j/ef0656d7]   neostore.propertystore.db.strings.id: 2024-03-25 03:02:55.213+0000 - 0B
                                                                [neo4j/ef0656d7]   neostore.relationshipgroupstore.db: 2024-03-25 03:02:55.225+0000 - 8.000KiB
                                                                [neo4j/ef0656d7]   neostore.relationshipgroupstore.db.id: 2024-03-25 03:02:55.224+0000 - 0B
                                                                [neo4j/ef0656d7]   neostore.relationshipgroupstore.degrees.db: 2024-03-25 03:02:55.227+0000 - 0B
                                                                [neo4j/ef0656d7]   neostore.relationshipstore.db: 2024-03-25 03:02:55.217+0000 - 0B
                                                                [neo4j/ef0656d7]   neostore.relationshipstore.db.id: 2024-03-25 03:02:55.217+0000 - 0B
                                                                [neo4j/ef0656d7]   neostore.relationshiptypestore.db: 2024-03-25 03:02:55.221+0000 - 0B
                                                                [neo4j/ef0656d7]   neostore.relationshiptypestore.db.id: 2024-03-25 03:02:55.221+0000 - 0B
                                                                [neo4j/ef0656d7]   neostore.relationshiptypestore.db.names: 2024-03-25 03:02:55.220+0000 - 8.000KiB
                                                                [neo4j/ef0656d7]   neostore.relationshiptypestore.db.names.id: 2024-03-25 03:02:55.218+0000 - 0B
                                                                [neo4j/ef0656d7]   neostore.schemastore.db: 2024-03-25 03:02:55.224+0000 - 8.000KiB
                                                                [neo4j/ef0656d7]   neostore.schemastore.db.id: 2024-03-25 03:02:55.223+0000 - 0B
                                                                [neo4j/ef0656d7] Storage summary: 
                                                                [neo4j/ef0656d7]   Total size of store: 72.00KiB
                                                                [neo4j/ef0656d7]   Total size of mapped files: 72.00KiB
                                                                [neo4j/ef0656d7] 
                                                                [neo4j/ef0656d7] --------------------------------------------------------------------------------
                                                                [neo4j/ef0656d7]                               [ Transaction log ]                               
                                                                [neo4j/ef0656d7] --------------------------------------------------------------------------------
                                                                [neo4j/ef0656d7] Transaction log files stored on file store: fakeowner
                                                                [neo4j/ef0656d7] Transaction log metadata:
                                                                [neo4j/ef0656d7]  - current kernel version used in transactions: V5_13
                                                                [neo4j/ef0656d7]  - last committed transaction id: 1
                                                                [neo4j/ef0656d7] Transaction log files:
                                                                [neo4j/ef0656d7]  - existing transaction log versions: -1--1
                                                                [neo4j/ef0656d7]  - no transactions found
                                                                [neo4j/ef0656d7] Checkpoint log files:
                                                                [neo4j/ef0656d7]  - existing checkpoint log versions: -1--1
                                                                [neo4j/ef0656d7]  - no checkpoints found
                                                                [neo4j/ef0656d7] 
                                                                [neo4j/ef0656d7] --------------------------------------------------------------------------------
                                                                [neo4j/ef0656d7]                                   [ Id usage ]                                  
                                                                [neo4j/ef0656d7] --------------------------------------------------------------------------------
                                                                [neo4j/ef0656d7] ArrayPropertyStore[neostore.nodestore.db.labels]: used=1 high=0
                                                                [neo4j/ef0656d7] NodeStore[neostore.nodestore.db]: used=0 high=-1
                                                                [neo4j/ef0656d7] StringPropertyStore[neostore.propertystore.db.index.keys]: used=1 high=0
                                                                [neo4j/ef0656d7] PropertyIndexStore[neostore.propertystore.db.index]: used=0 high=-1
                                                                [neo4j/ef0656d7] StringPropertyStore[neostore.propertystore.db.strings]: used=1 high=0
                                                                [neo4j/ef0656d7] ArrayPropertyStore[neostore.propertystore.db.arrays]: used=1 high=0
                                                                [neo4j/ef0656d7] PropertyStore[neostore.propertystore.db]: used=0 high=-1
                                                                [neo4j/ef0656d7] RelationshipStore[neostore.relationshipstore.db]: used=0 high=-1
                                                                [neo4j/ef0656d7] StringPropertyStore[neostore.relationshiptypestore.db.names]: used=1 high=0
                                                                [neo4j/ef0656d7] RelationshipTypeStore[neostore.relationshiptypestore.db]: used=0 high=-1
                                                                [neo4j/ef0656d7] StringPropertyStore[neostore.labeltokenstore.db.names]: used=1 high=0
                                                                [neo4j/ef0656d7] LabelTokenStore[neostore.labeltokenstore.db]: used=0 high=-1
                                                                [neo4j/ef0656d7] SchemaStore[neostore.schemastore.db]: used=1 high=0
                                                                [neo4j/ef0656d7] RelationshipGroupStore[neostore.relationshipgroupstore.db]: used=1 high=0
                                                                [neo4j/ef0656d7] NeoStore[neostore]: used=-1 high=-1
                                                                [neo4j/ef0656d7] 
                                                                [neo4j/ef0656d7] --------------------------------------------------------------------------------
                                                                [neo4j/ef0656d7]                                   [ Metadata ]                                  
                                                                [neo4j/ef0656d7] --------------------------------------------------------------------------------
                                                                [neo4j/ef0656d7] EXTERNAL_STORE_UUID (Database identifier exposed as external store identity. Generated on creation and never updated): 41f38216-49c2-40d1-ba67-b03cb95468cf
                                                                [neo4j/ef0656d7] DATABASE_ID (The last used DatabaseId for this database): null
                                                                [neo4j/ef0656d7] LEGACY_STORE_VERSION (Legacy store format version. This field is used from 5.0 onwards only to distinguish non-migrated pre 5.0 metadata stores.): -3523014627327384477
                                                                [neo4j/ef0656d7] STORE_ID (Store ID): StoreId{creationTime=1711335775223, random=-4778328207510905658, storageEngineName='record', formatName='aligned', majorVersion=1, minorVersion=1}
                                                                [neo4j/ef0656d7] 
2024-03-25 03:02:55.235+0000 INFO  [o.n.k.a.DatabaseAvailabilityGuard] [neo4j/ef0656d7] Requirement `Database unavailable` makes database neo4j unavailable.
2024-03-25 03:02:55.235+0000 INFO  [o.n.k.a.DatabaseAvailabilityGuard] [neo4j/ef0656d7] DatabaseId{ef0656d7[neo4j]} is unavailable.
2024-03-25 03:02:55.237+0000 WARN  [o.n.k.i.s.MetaDataStore] [neo4j/ef0656d7] Missing counts store, rebuilding it.
2024-03-25 03:02:55.237+0000 WARN  [o.n.k.i.s.MetaDataStore] [neo4j/ef0656d7] Counts store rebuild completed.
2024-03-25 03:02:55.275+0000 INFO  [o.n.k.d.Database] [neo4j/ef0656d7] Starting transaction log [/var/lib/neo4j/data/transactions/neo4j/neostore.transaction.db.0] at version=0
2024-03-25 03:02:55.281+0000 INFO  [o.n.k.d.Database] [neo4j/ef0656d7] Starting transaction log [/var/lib/neo4j/data/transactions/neo4j/checkpoint.0] at version=0
2024-03-25 03:02:55.282+0000 INFO  [o.n.k.i.t.l.f.c.CheckpointLogFile] [neo4j/ef0656d7] Scanning log file with version 0 for checkpoint entries
2024-03-25 03:02:55.285+0000 INFO  [o.n.k.a.DatabaseAvailabilityGuard] [neo4j/ef0656d7] Fulfilling of requirement 'Database unavailable' makes database neo4j available.
2024-03-25 03:02:55.285+0000 INFO  [o.n.k.a.DatabaseAvailabilityGuard] [neo4j/ef0656d7] DatabaseId{ef0656d7[neo4j]} is ready.
2024-03-25 03:02:55.288+0000 INFO  [o.n.k.i.a.i.IndexPopulationJob] [neo4j/ef0656d7] Index population started: [Index( id=1, name='index_343aff4e', type='LOOKUP', schema=(:<any-labels>), indexProvider='token-lookup-1.0' )]
2024-03-25 03:02:55.294+0000 INFO  [o.n.k.i.a.i.IndexPopulationJob] [neo4j/ef0656d7] Index creation finished for index [Index( id=1, name='index_343aff4e', type='LOOKUP', schema=(:<any-labels>), indexProvider='token-lookup-1.0' )].
2024-03-25 03:02:55.295+0000 INFO  [o.n.k.i.a.i.IndexPopulationJob] [neo4j/ef0656d7] Index population started: [Index( id=2, name='index_f7700477', type='LOOKUP', schema=()-[:<any-types>]-(), indexProvider='token-lookup-1.0' )]
2024-03-25 03:02:55.300+0000 INFO  [o.n.k.i.a.i.IndexPopulationJob] [neo4j/ef0656d7] Index creation finished for index [Index( id=2, name='index_f7700477', type='LOOKUP', schema=()-[:<any-types>]-(), indexProvider='token-lookup-1.0' )].
2024-03-25 03:02:55.302+0000 INFO  [o.n.k.i.t.l.c.CheckPointerImpl] [neo4j/ef0656d7] Checkpoint triggered by "Database init completed." @ txId: 3 checkpoint started...
2024-03-25 03:02:55.323+0000 INFO  [o.n.k.i.t.l.c.CheckPointerImpl] [neo4j/ef0656d7] Checkpoint triggered by "Database init completed." @ txId: 3 checkpoint completed in 20ms. Checkpoint flushed 74 pages (0% of total available pages), in 57 IOs. Checkpoint performed with IO limit: unlimited, paused in total 0 times( 0 millis).
2024-03-25 03:02:55.323+0000 INFO  [o.n.k.i.t.l.p.LogPruningImpl] [neo4j/ef0656d7] No log version pruned. The strategy used was '2 days 2147483648 size'. 
2024-03-25 03:02:55.617+0000 INFO  [o.n.b.p.c.c.n.SocketNettyConnector] Bolt enabled on 0.0.0.0:7687.
2024-03-25 03:02:55.617+0000 INFO  [o.n.b.BoltServer] Bolt server started
2024-03-25 03:02:55.618+0000 INFO  [o.n.s.A.ServerComponentsLifecycleAdapter] Starting web server
2024-03-25 03:02:56.042+0000 INFO  [o.n.s.CommunityNeoWebServer] HTTP enabled on 0.0.0.0:7474.
2024-03-25 03:02:56.043+0000 INFO  [o.n.s.CommunityNeoWebServer] Remote interface available at http://localhost:7474/
2024-03-25 03:02:56.043+0000 INFO  [o.n.s.A.ServerComponentsLifecycleAdapter] Web server started.
2024-03-25 03:02:56.045+0000 INFO  [o.n.g.f.DatabaseManagementServiceFactory] id: B5C2F53F6CCD012A4F1A4C945B1DB3AEAEB6FDD9FBB1C9FC15EBFB3200ADE098
2024-03-25 03:02:56.046+0000 INFO  [o.n.g.f.DatabaseManagementServiceFactory] name: system
2024-03-25 03:02:56.046+0000 INFO  [o.n.g.f.DatabaseManagementServiceFactory] creationDate: 2024-03-25T03:02:54.503Z
2024-03-25 03:06:56.359+0000 WARN  [o.n.k.i.c.VmPauseMonitorComponent] Detected VM stop-the-world pause: {pauseTime=234, gcTime=0, gcCount=0}
2024-03-25 03:07:06.517+0000 WARN  [o.n.k.i.c.VmPauseMonitorComponent] Detected VM stop-the-world pause: {pauseTime=213, gcTime=0, gcCount=0}
2024-03-25 03:07:16.905+0000 WARN  [o.n.k.i.c.VmPauseMonitorComponent] Detected VM stop-the-world pause: {pauseTime=210, gcTime=0, gcCount=0}
2024-03-25 03:07:33.877+0000 WARN  [o.n.k.i.c.VmPauseMonitorComponent] Detected VM stop-the-world pause: {pauseTime=289, gcTime=0, gcCount=0}
2024-03-25 03:07:41.262+0000 WARN  [o.n.k.i.c.VmPauseMonitorComponent] Detected VM stop-the-world pause: {pauseTime=259, gcTime=0, gcCount=0}
2024-03-25 03:07:48.684+0000 WARN  [o.n.k.i.c.VmPauseMonitorComponent] Detected VM stop-the-world pause: {pauseTime=322, gcTime=0, gcCount=0}
2024-03-25 03:07:56.397+0000 WARN  [o.n.k.i.c.VmPauseMonitorComponent] Detected VM stop-the-world pause: {pauseTime=324, gcTime=0, gcCount=0}
2024-03-25 03:08:03.851+0000 WARN  [o.n.k.i.c.VmPauseMonitorComponent] Detected VM stop-the-world pause: {pauseTime=288, gcTime=0, gcCount=0}
2024-03-25 03:08:11.305+0000 WARN  [o.n.k.i.c.VmPauseMonitorComponent] Detected VM stop-the-world pause: {pauseTime=370, gcTime=0, gcCount=0}
2024-03-25 03:08:26.442+0000 WARN  [o.n.k.i.c.VmPauseMonitorComponent] Detected VM stop-the-world pause: {pauseTime=322, gcTime=0, gcCount=0}
2024-03-25 03:08:32.530+0000 WARN  [o.n.k.i.c.VmPauseMonitorComponent] Detected VM stop-the-world pause: {pauseTime=202, gcTime=0, gcCount=0}
2024-03-25 03:08:40.772+0000 WARN  [o.n.k.i.c.VmPauseMonitorComponent] Detected VM stop-the-world pause: {pauseTime=285, gcTime=0, gcCount=0}
2024-03-25 03:11:22.022+0000 WARN  [o.n.k.i.c.VmPauseMonitorComponent] Detected VM stop-the-world pause: {pauseTime=302, gcTime=0, gcCount=0}
2024-03-25 03:11:32.201+0000 WARN  [o.n.k.i.c.VmPauseMonitorComponent] Detected VM stop-the-world pause: {pauseTime=222, gcTime=0, gcCount=0}
2024-03-25 03:11:40.817+0000 WARN  [o.n.k.i.c.VmPauseMonitorComponent] Detected VM stop-the-world pause: {pauseTime=213, gcTime=0, gcCount=0}
2024-03-25 03:45:39.646+0000 WARN  [o.n.k.i.c.VmPauseMonitorComponent] Detected VM stop-the-world pause: {pauseTime=228, gcTime=0, gcCount=0}
2024-03-25 03:45:48.097+0000 WARN  [o.n.k.i.c.VmPauseMonitorComponent] Detected VM stop-the-world pause: {pauseTime=358, gcTime=0, gcCount=0}
2024-03-25 06:37:35.674+0000 INFO  [o.n.g.f.DatabaseManagementServiceFactory] Shutdown started
2024-03-25 06:37:35.685+0000 INFO  [o.n.b.BoltServer] Requested Bolt server shutdown
2024-03-25 06:37:35.686+0000 INFO  [o.n.b.p.c.c.ConnectionRegistry] Stopping remaining idle connections for connector bolt
2024-03-25 06:37:35.686+0000 INFO  [o.n.b.p.c.c.ConnectionRegistry] Stopped 0 idling connections for connector bolt
2024-03-25 06:37:35.689+0000 INFO  [o.n.d.d.DatabaseLifecycles] Stopping 'DatabaseId{ef0656d7[neo4j]}'.
2024-03-25 06:37:35.691+0000 INFO  [o.n.k.a.DatabaseAvailabilityGuard] [neo4j/ef0656d7] Requirement `Database unavailable` makes database neo4j unavailable.
2024-03-25 06:37:35.692+0000 INFO  [o.n.k.a.DatabaseAvailabilityGuard] [neo4j/ef0656d7] DatabaseId{ef0656d7[neo4j]} is unavailable.
2024-03-25 06:37:35.693+0000 INFO  [o.n.k.d.Database] [neo4j/ef0656d7] Waiting for closing transactions.
2024-03-25 06:37:35.694+0000 INFO  [o.n.k.d.Database] [neo4j/ef0656d7] All transactions are closed.
2024-03-25 06:37:35.694+0000 INFO  [o.n.k.i.t.l.c.CheckPointerImpl] [neo4j/ef0656d7] Checkpoint triggered by "Database shutdown" @ txId: 3 checkpoint started...
2024-03-25 06:37:35.712+0000 INFO  [o.n.k.i.t.l.c.CheckPointerImpl] [neo4j/ef0656d7] Checkpoint triggered by "Database shutdown" @ txId: 3 checkpoint completed in 18ms. Checkpoint flushed 22 pages (0% of total available pages), in 22 IOs. Checkpoint performed with IO limit: unlimited, paused in total 0 times( 0 millis).
2024-03-25 06:37:35.712+0000 INFO  [o.n.k.i.t.l.p.LogPruningImpl] [neo4j/ef0656d7] No log version pruned. The strategy used was '2 days 2147483648 size'. 
2024-03-25 06:37:35.734+0000 INFO  [o.n.d.d.DatabaseLifecycles] Stopped 'DatabaseId{ef0656d7[neo4j]}' successfully.
2024-03-25 06:37:35.734+0000 INFO  [o.n.d.d.DatabaseLifecycles] Stopping 'DatabaseId{00000000[system]}'.
2024-03-25 06:37:35.735+0000 INFO  [o.n.k.a.DatabaseAvailabilityGuard] [system/00000000] Requirement `Database unavailable` makes database system unavailable.
2024-03-25 06:37:35.735+0000 INFO  [o.n.k.a.DatabaseAvailabilityGuard] [system/00000000] DatabaseId{00000000[system]} is unavailable.
2024-03-25 06:37:35.736+0000 INFO  [o.n.k.d.Database] [system/00000000] Waiting for closing transactions.
2024-03-25 06:37:35.736+0000 INFO  [o.n.k.d.Database] [system/00000000] All transactions are closed.
2024-03-25 06:37:35.737+0000 INFO  [o.n.k.i.t.l.c.CheckPointerImpl] [system/00000000] Checkpoint triggered by "Database shutdown" @ txId: 37 checkpoint started...
2024-03-25 06:37:35.758+0000 INFO  [o.n.k.i.t.l.c.CheckPointerImpl] [system/00000000] Checkpoint triggered by "Database shutdown" @ txId: 37 checkpoint completed in 20ms. Checkpoint flushed 69 pages (0% of total available pages), in 69 IOs. Checkpoint performed with IO limit: unlimited, paused in total 0 times( 0 millis).
2024-03-25 06:37:35.758+0000 INFO  [o.n.k.i.t.l.p.LogPruningImpl] [system/00000000] No log version pruned. The strategy used was '2 days 2147483648 size'. 
2024-03-25 06:37:35.781+0000 INFO  [o.n.d.d.DatabaseLifecycles] Stopped 'DatabaseId{00000000[system]}' successfully.
2024-03-25 06:37:35.783+0000 INFO  [o.n.b.BoltServer] Shutting down Bolt server
2024-03-25 06:37:35.783+0000 INFO  [o.n.b.p.c.c.ConnectionRegistry] Stopping 0 connections for connector bolt
2024-03-25 06:37:35.784+0000 INFO  [o.n.b.p.c.c.ConnectionRegistry] Stopped all remaining connections for connector bolt
2024-03-25 06:37:40.883+0000 INFO  [o.n.b.BoltServer] Bolt server has been shut down
